{"/mnt/c/Users/STD/MyWork/wr/codefellows/401/api-server/lib/server.js": {"path":"/mnt/c/Users/STD/MyWork/wr/codefellows/401/api-server/lib/server.js","statementMap":{"0":{"start":{"line":2,"column":0},"end":{"line":2,"column":27}},"1":{"start":{"line":3,"column":16},"end":{"line":3,"column":34}},"2":{"start":{"line":4,"column":15},"end":{"line":4,"column":32}},"3":{"start":{"line":5,"column":13},"end":{"line":5,"column":28}},"4":{"start":{"line":6,"column":10},"end":{"line":6,"column":19}},"5":{"start":{"line":8,"column":17},"end":{"line":8,"column":44}},"6":{"start":{"line":10,"column":13},"end":{"line":10,"column":44}},"7":{"start":{"line":11,"column":13},"end":{"line":11,"column":44}},"8":{"start":{"line":13,"column":0},"end":{"line":13,"column":16}},"9":{"start":{"line":14,"column":0},"end":{"line":14,"column":24}},"10":{"start":{"line":15,"column":0},"end":{"line":15,"column":23}},"11":{"start":{"line":17,"column":0},"end":{"line":17,"column":29}},"12":{"start":{"line":19,"column":0},"end":{"line":19,"column":14}},"13":{"start":{"line":20,"column":0},"end":{"line":20,"column":14}},"14":{"start":{"line":23,"column":0},"end":{"line":29,"column":2}},"15":{"start":{"line":26,"column":15},"end":{"line":26,"column":47}},"16":{"start":{"line":27,"column":4},"end":{"line":27,"column":72}},"17":{"start":{"line":27,"column":27},"end":{"line":27,"column":70}}},"fnMap":{"0":{"name":"(anonymous_0)","decl":{"start":{"line":25,"column":9},"end":{"line":25,"column":10}},"loc":{"start":{"line":25,"column":17},"end":{"line":28,"column":3}},"line":25},"1":{"name":"(anonymous_1)","decl":{"start":{"line":27,"column":21},"end":{"line":27,"column":22}},"loc":{"start":{"line":27,"column":27},"end":{"line":27,"column":70}},"line":27}},"branchMap":{"0":{"loc":{"start":{"line":26,"column":15},"end":{"line":26,"column":47}},"type":"binary-expr","locations":[{"start":{"line":26,"column":15},"end":{"line":26,"column":19}},{"start":{"line":26,"column":23},"end":{"line":26,"column":39}},{"start":{"line":26,"column":43},"end":{"line":26,"column":47}}],"line":26}},"s":{"0":3,"1":3,"2":3,"3":3,"4":3,"5":3,"6":3,"7":3,"8":3,"9":3,"10":3,"11":3,"12":3,"13":3,"14":3,"15":0,"16":0,"17":0},"f":{"0":0,"1":0},"b":{"0":[0,0,0]},"_coverageSchema":"1a1c01bbd47fc00a2c39e90264f33305004495a9","hash":"a0603971aec358a7a5f820662164959ea6d583c4"}
,"/mnt/c/Users/STD/MyWork/wr/codefellows/401/api-server/middleware/404.js": {"path":"/mnt/c/Users/STD/MyWork/wr/codefellows/401/api-server/middleware/404.js","statementMap":{"0":{"start":{"line":3,"column":0},"end":{"line":7,"column":2}},"1":{"start":{"line":4,"column":2},"end":{"line":4,"column":18}},"2":{"start":{"line":5,"column":2},"end":{"line":5,"column":41}},"3":{"start":{"line":6,"column":2},"end":{"line":6,"column":32}}},"fnMap":{"0":{"name":"(anonymous_0)","decl":{"start":{"line":3,"column":17},"end":{"line":3,"column":18}},"loc":{"start":{"line":3,"column":30},"end":{"line":7,"column":1}},"line":3}},"branchMap":{},"s":{"0":3,"1":4,"2":4,"3":4},"f":{"0":4},"b":{},"_coverageSchema":"1a1c01bbd47fc00a2c39e90264f33305004495a9","hash":"4f79c91907e6b52d8f8d17e289c88efd1cd2d864"}
,"/mnt/c/Users/STD/MyWork/wr/codefellows/401/api-server/middleware/500.js": {"path":"/mnt/c/Users/STD/MyWork/wr/codefellows/401/api-server/middleware/500.js","statementMap":{"0":{"start":{"line":3,"column":0},"end":{"line":7,"column":2}},"1":{"start":{"line":4,"column":2},"end":{"line":4,"column":18}},"2":{"start":{"line":5,"column":2},"end":{"line":5,"column":37}},"3":{"start":{"line":6,"column":2},"end":{"line":6,"column":24}}},"fnMap":{"0":{"name":"(anonymous_0)","decl":{"start":{"line":3,"column":17},"end":{"line":3,"column":18}},"loc":{"start":{"line":3,"column":42},"end":{"line":7,"column":1}},"line":3}},"branchMap":{},"s":{"0":3,"1":2,"2":2,"3":2},"f":{"0":2},"b":{},"_coverageSchema":"1a1c01bbd47fc00a2c39e90264f33305004495a9","hash":"9745f1b22d4c168bddeed5da00ecad198662bb63"}
,"/mnt/c/Users/STD/MyWork/wr/codefellows/401/api-server/middleware/logger.js": {"path":"/mnt/c/Users/STD/MyWork/wr/codefellows/401/api-server/middleware/logger.js","statementMap":{"0":{"start":{"line":1,"column":0},"end":{"line":4,"column":4}},"1":{"start":{"line":2,"column":4},"end":{"line":2,"column":99}},"2":{"start":{"line":3,"column":4},"end":{"line":3,"column":11}}},"fnMap":{"0":{"name":"(anonymous_0)","decl":{"start":{"line":1,"column":17},"end":{"line":1,"column":18}},"loc":{"start":{"line":1,"column":37},"end":{"line":4,"column":3}},"line":1}},"branchMap":{},"s":{"0":2,"1":2,"2":2},"f":{"0":2},"b":{},"_coverageSchema":"1a1c01bbd47fc00a2c39e90264f33305004495a9","hash":"1c3495888b34a7211c40e2ae17dc602d7b22bec3"}
,"/mnt/c/Users/STD/MyWork/wr/codefellows/401/api-server/models/mongo.js": {"path":"/mnt/c/Users/STD/MyWork/wr/codefellows/401/api-server/models/mongo.js","statementMap":{"0":{"start":{"line":5,"column":4},"end":{"line":5,"column":25}},"1":{"start":{"line":9,"column":14},"end":{"line":9,"column":32}},"2":{"start":{"line":10,"column":4},"end":{"line":10,"column":33}},"3":{"start":{"line":14,"column":14},"end":{"line":14,"column":37}},"4":{"start":{"line":15,"column":4},"end":{"line":15,"column":22}},"5":{"start":{"line":19,"column":4},"end":{"line":19,"column":69}},"6":{"start":{"line":23,"column":4},"end":{"line":23,"column":46}},"7":{"start":{"line":27,"column":0},"end":{"line":27,"column":23}}},"fnMap":{"0":{"name":"(anonymous_0)","decl":{"start":{"line":4,"column":2},"end":{"line":4,"column":3}},"loc":{"start":{"line":4,"column":22},"end":{"line":6,"column":3}},"line":4},"1":{"name":"(anonymous_1)","decl":{"start":{"line":8,"column":2},"end":{"line":8,"column":3}},"loc":{"start":{"line":8,"column":11},"end":{"line":11,"column":3}},"line":8},"2":{"name":"(anonymous_2)","decl":{"start":{"line":13,"column":2},"end":{"line":13,"column":3}},"loc":{"start":{"line":13,"column":17},"end":{"line":16,"column":3}},"line":13},"3":{"name":"(anonymous_3)","decl":{"start":{"line":18,"column":2},"end":{"line":18,"column":3}},"loc":{"start":{"line":18,"column":22},"end":{"line":20,"column":3}},"line":18},"4":{"name":"(anonymous_4)","decl":{"start":{"line":22,"column":2},"end":{"line":22,"column":3}},"loc":{"start":{"line":22,"column":14},"end":{"line":24,"column":3}},"line":22}},"branchMap":{"0":{"loc":{"start":{"line":9,"column":14},"end":{"line":9,"column":32}},"type":"cond-expr","locations":[{"start":{"line":9,"column":20},"end":{"line":9,"column":27}},{"start":{"line":9,"column":30},"end":{"line":9,"column":32}}],"line":9}},"s":{"0":8,"1":2,"2":2,"3":14,"4":14,"5":0,"6":0,"7":5},"f":{"0":8,"1":2,"2":14,"3":0,"4":0},"b":{"0":[0,2]},"_coverageSchema":"1a1c01bbd47fc00a2c39e90264f33305004495a9","hash":"c877f27845ba06837c094c05d7b156679a6a9195"}
,"/mnt/c/Users/STD/MyWork/wr/codefellows/401/api-server/models/categories-mod/categories-model.js": {"path":"/mnt/c/Users/STD/MyWork/wr/codefellows/401/api-server/models/categories-mod/categories-model.js","statementMap":{"0":{"start":{"line":3,"column":14},"end":{"line":3,"column":36}},"1":{"start":{"line":4,"column":15},"end":{"line":4,"column":48}},"2":{"start":{"line":8,"column":4},"end":{"line":8,"column":18}},"3":{"start":{"line":12,"column":0},"end":{"line":12,"column":40}}},"fnMap":{"0":{"name":"(anonymous_0)","decl":{"start":{"line":7,"column":2},"end":{"line":7,"column":3}},"loc":{"start":{"line":7,"column":16},"end":{"line":9,"column":3}},"line":7}},"branchMap":{},"s":{"0":4,"1":4,"2":4,"3":4},"f":{"0":4},"b":{},"_coverageSchema":"1a1c01bbd47fc00a2c39e90264f33305004495a9","hash":"f75f7d6f7cc6323a1653bd80ae3af8667bf7b86a"}
,"/mnt/c/Users/STD/MyWork/wr/codefellows/401/api-server/models/categories-mod/categories-schema.js": {"path":"/mnt/c/Users/STD/MyWork/wr/codefellows/401/api-server/models/categories-mod/categories-schema.js","statementMap":{"0":{"start":{"line":2,"column":17},"end":{"line":2,"column":36}},"1":{"start":{"line":3,"column":19},"end":{"line":8,"column":2}},"2":{"start":{"line":10,"column":0},"end":{"line":10,"column":58}}},"fnMap":{},"branchMap":{},"s":{"0":4,"1":4,"2":4},"f":{},"b":{},"_coverageSchema":"1a1c01bbd47fc00a2c39e90264f33305004495a9","hash":"60c3740a409031d6a0f2cc7e0b2d933a71d3f30d"}
,"/mnt/c/Users/STD/MyWork/wr/codefellows/401/api-server/models/products-mod/products-model.js": {"path":"/mnt/c/Users/STD/MyWork/wr/codefellows/401/api-server/models/products-mod/products-model.js","statementMap":{"0":{"start":{"line":3,"column":14},"end":{"line":3,"column":36}},"1":{"start":{"line":4,"column":15},"end":{"line":4,"column":46}},"2":{"start":{"line":8,"column":4},"end":{"line":8,"column":18}},"3":{"start":{"line":12,"column":0},"end":{"line":12,"column":38}}},"fnMap":{"0":{"name":"(anonymous_0)","decl":{"start":{"line":7,"column":2},"end":{"line":7,"column":3}},"loc":{"start":{"line":7,"column":16},"end":{"line":9,"column":3}},"line":7}},"branchMap":{},"s":{"0":4,"1":4,"2":4,"3":4},"f":{"0":4},"b":{},"_coverageSchema":"1a1c01bbd47fc00a2c39e90264f33305004495a9","hash":"61785382568b3cba41ccef08b46b5dbb8d8ae6dd"}
,"/mnt/c/Users/STD/MyWork/wr/codefellows/401/api-server/models/products-mod/products-schema.js": {"path":"/mnt/c/Users/STD/MyWork/wr/codefellows/401/api-server/models/products-mod/products-schema.js","statementMap":{"0":{"start":{"line":2,"column":17},"end":{"line":2,"column":36}},"1":{"start":{"line":3,"column":17},"end":{"line":9,"column":2}},"2":{"start":{"line":11,"column":0},"end":{"line":11,"column":54}}},"fnMap":{},"branchMap":{},"s":{"0":4,"1":4,"2":4},"f":{},"b":{},"_coverageSchema":"1a1c01bbd47fc00a2c39e90264f33305004495a9","hash":"ce3948bebed8973fcd237ac42e45cbfb6d7baab7"}
,"/mnt/c/Users/STD/MyWork/wr/codefellows/401/api-server/routes/api.js": {"path":"/mnt/c/Users/STD/MyWork/wr/codefellows/401/api-server/routes/api.js","statementMap":{"0":{"start":{"line":3,"column":16},"end":{"line":3,"column":34}},"1":{"start":{"line":4,"column":15},"end":{"line":4,"column":31}},"2":{"start":{"line":6,"column":19},"end":{"line":6,"column":74}},"3":{"start":{"line":7,"column":17},"end":{"line":7,"column":68}},"4":{"start":{"line":10,"column":14},"end":{"line":10,"column":30}},"5":{"start":{"line":12,"column":2},"end":{"line":24,"column":3}},"6":{"start":{"line":14,"column":4},"end":{"line":14,"column":27}},"7":{"start":{"line":15,"column":4},"end":{"line":15,"column":11}},"8":{"start":{"line":16,"column":4},"end":{"line":16,"column":11}},"9":{"start":{"line":18,"column":4},"end":{"line":18,"column":25}},"10":{"start":{"line":19,"column":4},"end":{"line":19,"column":11}},"11":{"start":{"line":20,"column":4},"end":{"line":20,"column":11}},"12":{"start":{"line":22,"column":4},"end":{"line":22,"column":26}},"13":{"start":{"line":23,"column":4},"end":{"line":23,"column":11}},"14":{"start":{"line":26,"column":0},"end":{"line":26,"column":33}},"15":{"start":{"line":27,"column":0},"end":{"line":27,"column":29}},"16":{"start":{"line":28,"column":0},"end":{"line":28,"column":28}},"17":{"start":{"line":29,"column":0},"end":{"line":29,"column":33}},"18":{"start":{"line":30,"column":0},"end":{"line":30,"column":33}},"19":{"start":{"line":31,"column":0},"end":{"line":31,"column":43}},"20":{"start":{"line":35,"column":2},"end":{"line":39,"column":19}},"21":{"start":{"line":37,"column":18},"end":{"line":37,"column":32}},"22":{"start":{"line":38,"column":6},"end":{"line":38,"column":32}},"23":{"start":{"line":43,"column":11},"end":{"line":43,"column":24}},"24":{"start":{"line":44,"column":2},"end":{"line":47,"column":19}},"25":{"start":{"line":46,"column":6},"end":{"line":46,"column":23}},"26":{"start":{"line":51,"column":2},"end":{"line":54,"column":19}},"27":{"start":{"line":53,"column":6},"end":{"line":53,"column":24}},"28":{"start":{"line":58,"column":11},"end":{"line":58,"column":24}},"29":{"start":{"line":59,"column":2},"end":{"line":62,"column":19}},"30":{"start":{"line":61,"column":6},"end":{"line":61,"column":23}},"31":{"start":{"line":65,"column":11},"end":{"line":65,"column":24}},"32":{"start":{"line":66,"column":2},"end":{"line":69,"column":19}},"33":{"start":{"line":68,"column":6},"end":{"line":68,"column":23}},"34":{"start":{"line":71,"column":0},"end":{"line":71,"column":24}}},"fnMap":{"0":{"name":"getSchema","decl":{"start":{"line":9,"column":9},"end":{"line":9,"column":18}},"loc":{"start":{"line":9,"column":32},"end":{"line":25,"column":1}},"line":9},"1":{"name":"getAll","decl":{"start":{"line":34,"column":9},"end":{"line":34,"column":15}},"loc":{"start":{"line":34,"column":29},"end":{"line":40,"column":1}},"line":34},"2":{"name":"(anonymous_2)","decl":{"start":{"line":36,"column":10},"end":{"line":36,"column":11}},"loc":{"start":{"line":36,"column":19},"end":{"line":39,"column":5}},"line":36},"3":{"name":"getOne","decl":{"start":{"line":42,"column":9},"end":{"line":42,"column":15}},"loc":{"start":{"line":42,"column":29},"end":{"line":48,"column":1}},"line":42},"4":{"name":"(anonymous_4)","decl":{"start":{"line":45,"column":10},"end":{"line":45,"column":11}},"loc":{"start":{"line":45,"column":18},"end":{"line":47,"column":5}},"line":45},"5":{"name":"post","decl":{"start":{"line":50,"column":9},"end":{"line":50,"column":13}},"loc":{"start":{"line":50,"column":27},"end":{"line":55,"column":1}},"line":50},"6":{"name":"(anonymous_6)","decl":{"start":{"line":52,"column":10},"end":{"line":52,"column":11}},"loc":{"start":{"line":52,"column":19},"end":{"line":54,"column":5}},"line":52},"7":{"name":"deleteHandler","decl":{"start":{"line":57,"column":9},"end":{"line":57,"column":22}},"loc":{"start":{"line":57,"column":36},"end":{"line":63,"column":1}},"line":57},"8":{"name":"(anonymous_8)","decl":{"start":{"line":60,"column":10},"end":{"line":60,"column":11}},"loc":{"start":{"line":60,"column":18},"end":{"line":62,"column":5}},"line":60},"9":{"name":"update","decl":{"start":{"line":64,"column":9},"end":{"line":64,"column":15}},"loc":{"start":{"line":64,"column":29},"end":{"line":70,"column":1}},"line":64},"10":{"name":"(anonymous_10)","decl":{"start":{"line":67,"column":10},"end":{"line":67,"column":11}},"loc":{"start":{"line":67,"column":18},"end":{"line":69,"column":5}},"line":67}},"branchMap":{"0":{"loc":{"start":{"line":12,"column":2},"end":{"line":24,"column":3}},"type":"switch","locations":[{"start":{"line":13,"column":2},"end":{"line":16,"column":11}},{"start":{"line":17,"column":2},"end":{"line":20,"column":11}},{"start":{"line":21,"column":2},"end":{"line":23,"column":11}}],"line":12}},"s":{"0":3,"1":3,"2":3,"3":3,"4":6,"5":6,"6":3,"7":3,"8":3,"9":3,"10":3,"11":3,"12":0,"13":0,"14":3,"15":3,"16":3,"17":3,"18":3,"19":3,"20":2,"21":2,"22":2,"23":0,"24":0,"25":0,"26":4,"27":2,"28":0,"29":0,"30":0,"31":0,"32":0,"33":0,"34":3},"f":{"0":6,"1":2,"2":2,"3":0,"4":0,"5":4,"6":2,"7":0,"8":0,"9":0,"10":0},"b":{"0":[3,3,0]},"_coverageSchema":"1a1c01bbd47fc00a2c39e90264f33305004495a9","hash":"7f68c72592bde3ebd0c6b335a113a9123a046e49"}
}
