TN:
SF:lib/server.js
FN:25,(anonymous_0)
FN:27,(anonymous_1)
FNF:2
FNH:0
FNDA:0,(anonymous_0)
FNDA:0,(anonymous_1)
DA:2,3
DA:3,3
DA:4,3
DA:5,3
DA:6,3
DA:8,3
DA:10,3
DA:11,3
DA:13,3
DA:14,3
DA:15,3
DA:17,3
DA:19,3
DA:20,3
DA:23,3
DA:26,0
DA:27,0
LF:17
LH:15
BRDA:26,0,0,0
BRDA:26,0,1,0
BRDA:26,0,2,0
BRF:3
BRH:0
end_of_record
TN:
SF:middleware/404.js
FN:3,(anonymous_0)
FNF:1
FNH:1
FNDA:4,(anonymous_0)
DA:3,3
DA:4,4
DA:5,4
DA:6,4
LF:4
LH:4
BRF:0
BRH:0
end_of_record
TN:
SF:middleware/500.js
FN:3,(anonymous_0)
FNF:1
FNH:1
FNDA:2,(anonymous_0)
DA:3,3
DA:4,2
DA:5,2
DA:6,2
LF:4
LH:4
BRF:0
BRH:0
end_of_record
TN:
SF:middleware/logger.js
FN:1,(anonymous_0)
FNF:1
FNH:1
FNDA:2,(anonymous_0)
DA:1,2
DA:2,2
DA:3,2
LF:3
LH:3
BRF:0
BRH:0
end_of_record
TN:
SF:models/mongo.js
FN:4,(anonymous_0)
FN:8,(anonymous_1)
FN:13,(anonymous_2)
FN:18,(anonymous_3)
FN:22,(anonymous_4)
FNF:5
FNH:3
FNDA:8,(anonymous_0)
FNDA:2,(anonymous_1)
FNDA:14,(anonymous_2)
FNDA:0,(anonymous_3)
FNDA:0,(anonymous_4)
DA:5,8
DA:9,2
DA:10,2
DA:14,14
DA:15,14
DA:19,0
DA:23,0
DA:27,5
LF:8
LH:6
BRDA:9,0,0,0
BRDA:9,0,1,2
BRF:2
BRH:1
end_of_record
TN:
SF:models/categories-mod/categories-model.js
FN:7,(anonymous_0)
FNF:1
FNH:1
FNDA:4,(anonymous_0)
DA:3,4
DA:4,4
DA:8,4
DA:12,4
LF:4
LH:4
BRF:0
BRH:0
end_of_record
TN:
SF:models/categories-mod/categories-schema.js
FNF:0
FNH:0
DA:2,4
DA:3,4
DA:10,4
LF:3
LH:3
BRF:0
BRH:0
end_of_record
TN:
SF:models/products-mod/products-model.js
FN:7,(anonymous_0)
FNF:1
FNH:1
FNDA:4,(anonymous_0)
DA:3,4
DA:4,4
DA:8,4
DA:12,4
LF:4
LH:4
BRF:0
BRH:0
end_of_record
TN:
SF:models/products-mod/products-schema.js
FNF:0
FNH:0
DA:2,4
DA:3,4
DA:11,4
LF:3
LH:3
BRF:0
BRH:0
end_of_record
TN:
SF:routes/api.js
FN:9,getSchema
FN:34,getAll
FN:36,(anonymous_2)
FN:42,getOne
FN:45,(anonymous_4)
FN:50,post
FN:52,(anonymous_6)
FN:57,deleteHandler
FN:60,(anonymous_8)
FN:64,update
FN:67,(anonymous_10)
FNF:11
FNH:5
FNDA:6,getSchema
FNDA:2,getAll
FNDA:2,(anonymous_2)
FNDA:0,getOne
FNDA:0,(anonymous_4)
FNDA:4,post
FNDA:2,(anonymous_6)
FNDA:0,deleteHandler
FNDA:0,(anonymous_8)
FNDA:0,update
FNDA:0,(anonymous_10)
DA:3,3
DA:4,3
DA:6,3
DA:7,3
DA:10,6
DA:12,6
DA:14,3
DA:15,3
DA:16,3
DA:18,3
DA:19,3
DA:20,3
DA:22,0
DA:23,0
DA:26,3
DA:27,3
DA:28,3
DA:29,3
DA:30,3
DA:31,3
DA:35,2
DA:37,2
DA:38,2
DA:43,0
DA:44,0
DA:46,0
DA:51,4
DA:53,2
DA:58,0
DA:59,0
DA:61,0
DA:65,0
DA:66,0
DA:68,0
DA:71,3
LF:35
LH:24
BRDA:12,0,0,3
BRDA:12,0,1,3
BRDA:12,0,2,0
BRF:3
BRH:2
end_of_record
